<?xml version="1.0" encoding="UTF-8"?>
<!-- Generated by org.testng.reporters.JUnitReportReporter -->
<testsuite skipped="0" hostname="rnr_25" name="com.crm.qa.testcases.HomePageTest" tests="3" failures="0" timestamp="13 Mar 2019 11:20:32 GMT" time="89.302" errors="0">
  <testcase name="verifyHomePageTitleTest" time="22.197" classname="com.crm.qa.testcases.HomePageTest"/>
  <testcase name="verifyCorrectUserNameTest" time="34.239" classname="com.crm.qa.testcases.HomePageTest"/>
  <testcase name="verifyContactsLinkTest" time="32.866" classname="com.crm.qa.testcases.HomePageTest"/>
</testsuite> <!-- com.crm.qa.testcases.HomePageTest -->
