<?xml version="1.0" encoding="UTF-8"?>
<!-- Generated by org.testng.reporters.JUnitReportReporter -->
<testsuite skipped="1" hostname="rnr_25" name="com.crm.qa.testcases.LoginPageTest" tests="3" failures="0" timestamp="13 Mar 2019 11:17:49 GMT" time="61.588" errors="0">
  <testcase name="loginPageTitleTest" time="20.922" classname="com.crm.qa.testcases.LoginPageTest"/>
  <testcase name="loginTest" time="40.666" classname="com.crm.qa.testcases.LoginPageTest"/>
  <testcase name="crmLogoImageTest" classname="com.crm.qa.testcases.LoginPageTest">
    <skipped/>
  </testcase> <!-- crmLogoImageTest -->
</testsuite> <!-- com.crm.qa.testcases.LoginPageTest -->
